<?xml version="1.0" encoding="UTF-8"?>
<!-- Generated by org.testng.reporters.JUnitReportReporter -->
<testsuite hostname="PoojaPotdar" failures="0" tests="1" name="Login_page" time="6.469" errors="0" timestamp="2025-03-20T11:57:36 IST" skipped="0">
  <testcase classname="Login_page" name="Login_test" time="6.469"/>
  <system-out/>
</testsuite> <!-- Login_page -->
