<?xml version="1.0" encoding="UTF-8"?>
<!-- Generated by org.testng.reporters.JUnitReportReporter -->
<testsuite hostname="PoojaPotdar" failures="0" tests="1" name="Getcall" time="2.273" errors="0" timestamp="2025-03-21T18:26:33 IST" skipped="0">
  <testcase classname="Getcall" name="Read_user" time="2.273"/>
  <system-out/>
</testsuite> <!-- Getcall -->
