<?xml version="1.0" encoding="UTF-8"?>
<!-- Generated by org.testng.reporters.JUnitReportReporter -->
<testsuite hostname="PoojaPotdar" failures="0" tests="1" name="AutomateApi_Post" time="1.778" errors="0" timestamp="2025-03-20T11:57:08 IST" skipped="0">
  <testcase classname="AutomateApi_Post" name="UserCreated" time="1.778"/>
  <system-out/>
</testsuite> <!-- AutomateApi_Post -->
